<?xml version="1.0" encoding="UTF-8"?>
<!-- Generated by org.testng.reporters.JUnitReportReporter -->
<testsuite hostname="BLR135CG1241TTH" failures="0" tests="1" name="rahulshettyacademy.tests.ErrorValidations" time="7.187" errors="0" timestamp="2024-11-02T22:25:37 IST" skipped="0">
  <testcase classname="rahulshettyacademy.tests.ErrorValidations" name="sumbitOrder" time="7.187"/>
</testsuite> <!-- rahulshettyacademy.tests.ErrorValidations -->
