<?xml version="1.0" encoding="UTF-8"?>
<!-- Generated by org.testng.reporters.JUnitReportReporter -->
<testsuite hostname="BLR135CG1241TTH" failures="0" tests="2" name="rahulshettyacademy.tests.ErrorValidationsTest" time="100.644" errors="0" timestamp="2024-11-12T23:04:26 IST" skipped="0">
  <testcase classname="rahulshettyacademy.tests.ErrorValidationsTest" name="productErrorValidation" time="58.645"/>
  <testcase classname="rahulshettyacademy.tests.ErrorValidationsTest" name="loginErrorValidation" time="41.999"/>
</testsuite> <!-- rahulshettyacademy.tests.ErrorValidationsTest -->
