<?xml version="1.0" encoding="UTF-8"?>
<!-- Generated by org.testng.reporters.JUnitReportReporter -->
<testsuite hostname="BLR135CG1241TTH" failures="0" tests="3" name="rahulshettyacademy.tests.SubmitOrderTest" time="116.139" errors="0" timestamp="2024-11-12T23:04:26 IST" skipped="0">
  <testcase classname="rahulshettyacademy.tests.SubmitOrderTest" name="sumbitOrder" time="51.150"/>
  <testcase classname="rahulshettyacademy.tests.SubmitOrderTest" name="orderHistoryTest" time="13.928"/>
  <testcase classname="rahulshettyacademy.tests.SubmitOrderTest" name="sumbitOrder" time="51.061"/>
</testsuite> <!-- rahulshettyacademy.tests.SubmitOrderTest -->
